<?xml version="1.0" encoding="UTF-8"?>
<testng-results ignored="0" total="1" passed="1" failed="0" skipped="0">
  <reporter-output>
  </reporter-output>
  <suite started-at="2024-03-20T17:48:08 IST" name="Default suite" finished-at="2024-03-20T17:48:22 IST" duration-ms="14044">
    <groups>
    </groups>
    <test started-at="2024-03-20T17:48:08 IST" name="Default test" finished-at="2024-03-20T17:48:22 IST" duration-ms="14044">
      <class name="testScripts.validateErrorMess">
        <test-method is-config="true" signature="setUp()[pri:0, instance:testScripts.validateErrorMess@21282ed8]" started-at="2024-03-20T17:48:08 IST" name="setUp" finished-at="2024-03-20T17:48:10 IST" duration-ms="2278" status="PASS">
          <reporter-output>
          </reporter-output>
        </test-method> <!-- setUp -->
        <test-method signature="addToCart()[pri:0, instance:testScripts.validateErrorMess@21282ed8]" started-at="2024-03-20T17:48:10 IST" name="addToCart" finished-at="2024-03-20T17:48:21 IST" duration-ms="11467" status="PASS">
          <reporter-output>
          </reporter-output>
        </test-method> <!-- addToCart -->
        <test-method is-config="true" signature="closeDriver()[pri:0, instance:testScripts.validateErrorMess@21282ed8]" started-at="2024-03-20T17:48:21 IST" name="closeDriver" finished-at="2024-03-20T17:48:22 IST" duration-ms="229" status="PASS">
          <reporter-output>
          </reporter-output>
        </test-method> <!-- closeDriver -->
      </class> <!-- testScripts.validateErrorMess -->
    </test> <!-- Default test -->
  </suite> <!-- Default suite -->
</testng-results>
